[debug] [2021-09-07T10:27:54.445Z] ----------------------------------------------------------------------
[debug] [2021-09-07T10:27:54.449Z] Command:       C:\Program Files\nodejs\node.exe C:\Users\anonimo\AppData\Roaming\npm\node_modules\firebase-tools\lib\bin\firebase.js deploy
[debug] [2021-09-07T10:27:54.449Z] CLI Version:   9.3.0
[debug] [2021-09-07T10:27:54.449Z] Platform:      win32
[debug] [2021-09-07T10:27:54.450Z] Node Version:  v12.16.1
[debug] [2021-09-07T10:27:54.451Z] Time:          Tue Sep 07 2021 05:27:54 GMT-0500 (GMT-05:00)
[debug] [2021-09-07T10:27:54.451Z] ----------------------------------------------------------------------
[debug] [2021-09-07T10:27:54.451Z] 
[debug] [2021-09-07T10:27:54.473Z] >>> [apiv2][query] GET https://firebase-public.firebaseio.com/cli.json [none]
[debug] [2021-09-07T10:27:54.612Z] > command requires scopes: ["email","openid","https://www.googleapis.com/auth/cloudplatformprojects.readonly","https://www.googleapis.com/auth/firebase","https://www.googleapis.com/auth/cloud-platform"]
[debug] [2021-09-07T10:27:54.614Z] > authorizing via signed-in user
[debug] [2021-09-07T10:27:54.615Z] [iam] checking project publihazclick-f5718 for permissions ["firebase.projects.get","firebasehosting.sites.update"]
[debug] [2021-09-07T10:27:54.620Z] > refreshing access token with scopes: ["email","https://www.googleapis.com/auth/cloud-platform","https://www.googleapis.com/auth/cloudplatformprojects.readonly","https://www.googleapis.com/auth/firebase","openid"]
[debug] [2021-09-07T10:27:54.622Z] >>> HTTP REQUEST POST https://www.googleapis.com/oauth2/v3/token  
 <request body omitted>
[debug] [2021-09-07T10:27:55.301Z] <<< HTTP RESPONSE 200 {"pragma":"no-cache","cache-control":"no-cache, no-store, max-age=0, must-revalidate","expires":"Mon, 01 Jan 1990 00:00:00 GMT","date":"Tue, 07 Sep 2021 10:27:55 GMT","content-type":"application/json; charset=utf-8","vary":"X-Origin, Referer, Origin,Accept-Encoding","server":"scaffolding on HTTPServer2","x-xss-protection":"0","x-frame-options":"SAMEORIGIN","x-content-type-options":"nosniff","alt-svc":"h3=\":443\"; ma=2592000,h3-29=\":443\"; ma=2592000,h3-T051=\":443\"; ma=2592000,h3-Q050=\":443\"; ma=2592000,h3-Q046=\":443\"; ma=2592000,h3-Q043=\":443\"; ma=2592000,quic=\":443\"; ma=2592000; v=\"46,43\"","accept-ranges":"none","transfer-encoding":"chunked"}
[debug] [2021-09-07T10:27:55.338Z] >>> HTTP REQUEST POST https://cloudresourcemanager.googleapis.com/v1/projects/publihazclick-f5718:testIamPermissions  
 {"permissions":["firebase.projects.get","firebasehosting.sites.update"]}
[debug] [2021-09-07T10:27:55.463Z] <<< [apiv2][status] GET https://firebase-public.firebaseio.com/cli.json 200
[debug] [2021-09-07T10:27:55.464Z] <<< [apiv2][body] GET https://firebase-public.firebaseio.com/cli.json {"cloudBuildErrorAfter":1594252800000,"cloudBuildWarnAfter":1590019200000,"defaultNode10After":1594252800000,"minVersion":"3.0.5","node8DeploysDisabledAfter":1613390400000,"node8RuntimeDisabledAfter":1615809600000,"node8WarnAfter":1600128000000}
[debug] [2021-09-07T10:27:56.254Z] <<< HTTP RESPONSE 200 {"content-type":"application/json; charset=UTF-8","vary":"X-Origin, Referer, Origin,Accept-Encoding","date":"Tue, 07 Sep 2021 10:27:56 GMT","server":"ESF","cache-control":"private","x-xss-protection":"0","x-frame-options":"SAMEORIGIN","x-content-type-options":"nosniff","server-timing":"gfet4t7; dur=321","alt-svc":"h3=\":443\"; ma=2592000,h3-29=\":443\"; ma=2592000,h3-T051=\":443\"; ma=2592000,h3-Q050=\":443\"; ma=2592000,h3-Q046=\":443\"; ma=2592000,h3-Q043=\":443\"; ma=2592000,quic=\":443\"; ma=2592000; v=\"46,43\"","accept-ranges":"none","transfer-encoding":"chunked"}
[debug] [2021-09-07T10:27:56.255Z] > refreshing access token with scopes: []
[debug] [2021-09-07T10:27:56.255Z] >>> HTTP REQUEST POST https://www.googleapis.com/oauth2/v3/token  
 <request body omitted>
[debug] [2021-09-07T10:27:56.622Z] <<< HTTP RESPONSE 200 {"pragma":"no-cache","cache-control":"no-cache, no-store, max-age=0, must-revalidate","expires":"Mon, 01 Jan 1990 00:00:00 GMT","date":"Tue, 07 Sep 2021 10:27:56 GMT","content-type":"application/json; charset=utf-8","vary":"X-Origin, Referer, Origin,Accept-Encoding","server":"scaffolding on HTTPServer2","x-xss-protection":"0","x-frame-options":"SAMEORIGIN","x-content-type-options":"nosniff","alt-svc":"h3=\":443\"; ma=2592000,h3-29=\":443\"; ma=2592000,h3-T051=\":443\"; ma=2592000,h3-Q050=\":443\"; ma=2592000,h3-Q046=\":443\"; ma=2592000,h3-Q043=\":443\"; ma=2592000,quic=\":443\"; ma=2592000; v=\"46,43\"","accept-ranges":"none","transfer-encoding":"chunked"}
[debug] [2021-09-07T10:27:56.651Z] >>> [apiv2][query] GET https://firebase.googleapis.com/v1beta1/projects/publihazclick-f5718 [none]
[debug] [2021-09-07T10:27:57.321Z] <<< [apiv2][status] GET https://firebase.googleapis.com/v1beta1/projects/publihazclick-f5718 200
[debug] [2021-09-07T10:27:57.321Z] <<< [apiv2][body] GET https://firebase.googleapis.com/v1beta1/projects/publihazclick-f5718 {"projectId":"publihazclick-f5718","projectNumber":"367982034933","displayName":"publihazclick","name":"projects/publihazclick-f5718","resources":{"hostingSite":"publihazclick-f5718","realtimeDatabaseInstance":"publihazclick-f5718"},"state":"ACTIVE"}
[info] 
[info] === Deploying to 'publihazclick-f5718'...
[info] 
[info] i  deploying hosting 
[debug] [2021-09-07T10:27:57.326Z] > refreshing access token with scopes: ["email","https://www.googleapis.com/auth/cloud-platform","https://www.googleapis.com/auth/cloudplatformprojects.readonly","https://www.googleapis.com/auth/firebase","openid"]
[debug] [2021-09-07T10:27:57.327Z] >>> HTTP REQUEST POST https://www.googleapis.com/oauth2/v3/token  
 <request body omitted>
[debug] [2021-09-07T10:27:57.712Z] <<< HTTP RESPONSE 200 {"pragma":"no-cache","expires":"Mon, 01 Jan 1990 00:00:00 GMT","date":"Tue, 07 Sep 2021 10:27:58 GMT","cache-control":"no-cache, no-store, max-age=0, must-revalidate","content-type":"application/json; charset=utf-8","vary":"X-Origin, Referer, Origin,Accept-Encoding","server":"scaffolding on HTTPServer2","x-xss-protection":"0","x-frame-options":"SAMEORIGIN","x-content-type-options":"nosniff","alt-svc":"h3=\":443\"; ma=2592000,h3-29=\":443\"; ma=2592000,h3-T051=\":443\"; ma=2592000,h3-Q050=\":443\"; ma=2592000,h3-Q046=\":443\"; ma=2592000,h3-Q043=\":443\"; ma=2592000,quic=\":443\"; ma=2592000; v=\"46,43\"","accept-ranges":"none","transfer-encoding":"chunked"}
[debug] [2021-09-07T10:27:57.751Z] >>> HTTP REQUEST POST https://firebasehosting.googleapis.com/v1beta1/sites/publihazclick-f5718/versions  
 {"config":{"rewrites":[{"glob":"**","path":"/index.html"}]},"labels":{"deployment-tool":"cli-firebase"}}
[debug] [2021-09-07T10:27:59.099Z] <<< HTTP RESPONSE 200 {"content-type":"application/json; charset=UTF-8","vary":"X-Origin, Referer, Origin,Accept-Encoding","date":"Tue, 07 Sep 2021 10:27:59 GMT","server":"ESF","cache-control":"private","x-xss-protection":"0","x-frame-options":"SAMEORIGIN","x-content-type-options":"nosniff","alt-svc":"h3=\":443\"; ma=2592000,h3-29=\":443\"; ma=2592000,h3-T051=\":443\"; ma=2592000,h3-Q050=\":443\"; ma=2592000,h3-Q046=\":443\"; ma=2592000,h3-Q043=\":443\"; ma=2592000,quic=\":443\"; ma=2592000; v=\"46,43\"","accept-ranges":"none","transfer-encoding":"chunked"}
